Arguments: 
  C:\Program Files\nodejs\node.exe C:\Program Files (x86)\Yarn\bin\yarn.js install

PATH: 
  C:\Users\Remi\bin;C:\Program Files\Git\mingw64\bin;C:\Program Files\Git\usr\local\bin;C:\Program Files\Git\usr\bin;C:\Program Files\Git\usr\bin;C:\Program Files\Git\mingw64\bin;C:\Program Files\Git\usr\bin;C:\Users\Remi\bin;C:\ProgramData\Oracle\Java\javapath;C:\WINDOWS\system32;C:\WINDOWS;C:\WINDOWS\System32\Wbem;C:\WINDOWS\System32\WindowsPowerShell\v1.0;C:\Program Files\Git\cmd;C:\Program Files\Git\mingw64\bin;C:\Program Files\Git\usr\bin;C:\Program Files (x86)\EasyPHP-Devserver-16.1\eds-binaries\php\php5619vc11x86x170216195550;C:\ProgramData\ComposerSetup\bin;C:\Program Files\nodejs;C:\Program Files (x86)\Yarn\bin;C:\Users\Remi\AppData\Local\Microsoft\WindowsApps;C:\Program Files (x86)\Microsoft VS Code\bin;C:\Users\Remi\AppData\Roaming\Composer\vendor\bin;C:\Users\Remi\AppData\Roaming\npm;C:\Users\Remi\AppData\Local\Yarn\bin;C:\Program Files\Git\usr\bin\vendor_perl;C:\Program Files\Git\usr\bin\core_perl

Yarn version: 
  1.3.2

Node version: 
  8.4.0

Platform: 
  win32 x64

npm manifest: 
  {
    "name": "using-typescript",
    "version": "1.0.0",
    "description": "",
    "author": "Rémi Bouguermouh>",
    "license": "MIT",
    "scripts": {
      "start": "gatsby develop",
      "develop": "gatsby develop",
      "build": "gatsby build",
      "serve": "gatsby serve"
    },
    "dependencies": {
      "@types/node": "^8.0.7",
      "@types/react": "15.0.21",
      "@types/react-dom": "0.14.23",
      "antd": "^2.13.11",
      "gatsby": "latest",
      "gatsby-link": "latest",
      "gatsby-plugin-typescript": "latest",
      "gatsby-source-contentful": "latest",
      "gatsby-plugin-postcss-sass": "latest",
      "lost": "^8.0.0"
    },
    "devDependencies": {
      "gatsby-cli": "^1.1.25"
    }
  }

yarn manifest: 
  No manifest

Lockfile: 
  No lockfile

Trace: 
  Error: EPERM: operation not permitted, unlink 'C:\Users\Remi\AppData\Local\Yarn\cache\v1\npm-caniuse-lite-1.0.30000777-31c18a4a8cd49782ebb305c8e8a93e6b3b3e4f13\.yarn-tarball.tgz'
